1                                                          The SAS System                           20:59 Thursday, October 19, 2017

1          ;*';*";*/;quit;run;
2          OPTIONS PAGENO=MIN;
3          %LET _CLIENTTASKLABEL='Program';
4          %LET _CLIENTPROCESSFLOWNAME='Process Flow';
5          %LET _CLIENTPROJECTPATH='C:\Users\Hassan Ahmed\Desktop\Group_Assignment#1.egp';
6          %LET _CLIENTPROJECTNAME='Group_Assignment#1.egp';
7          %LET _SASPROGRAMFILE=;
8          
9          ODS _ALL_ CLOSE;
10         OPTIONS DEV=PNG;
11         GOPTIONS XPIXELS=0 YPIXELS=0;
12         FILENAME EGSR TEMP;
13         ODS tagsets.sasreport13(ID=EGSR) FILE=EGSR
14             STYLE=HtmlBlue
15             STYLESHEET=(URL="file:///C:/Program%20Files/SASHome/SASEnterpriseGuide/7.1/Styles/HtmlBlue.css")
16             NOGTITLE
17             NOGFOOTNOTE
18             GPATH=&sasworklocation
19             ENCODING=UTF8
20             options(rolap="on")
21         ;
NOTE: Writing TAGSETS.SASREPORT13(EGSR) Body file: EGSR
22         
23         GOPTIONS ACCESSIBLE;
24         /*
25         Programming Assignment I
26         Names: Hassan Ahmed
27         Joshua Song
28         Sanchit Thakrar
29         */
30         
31         /*  Item#1 Reading in the data in suppTRP-1062.txt. */
32         data Study;
33         	infile "/courses/dc4508e5ba27fe300/c_629/suppTRP-1062.txt" dsd missover;
34         	input Site		: 	       $1.	
35               	Pt			: 	       $2.
36               	Sex			: 			8.
37               	Race		: 	 		8.
38               	DoseDate	:			mmddyy10.
39               	Height		: 	        8.
40               	Weight		: 	        8.
41               	Result1		: 	        8.
42               	Result2		: 	        8.
43               	Result3		: 	        8.;
44              format DoseDate date9.;
45         	
46         /*  Item#2 Creating a new variable called Doselot (Dose Lot).*/
47         	if DoseDate lt '31DEC1997'd then DoseLot = 'S0576';
48         	if DoseDate le '10JAN1998'd and DoseDate gt '31DEC1997'd then DoseLot = 'P1122';
49         	if DoseDate gt '10JAN1998'd then DoseLot = 'P0526';
50         	if DoseDate = . then DoseLot = .;
51         
52         /* Item#3 Create two new variables called prot_amend (Protocol Amendment) and Limit (Lower Limit of Detection).*/
53             if Doselot = 'P0526' then do;
54         	if Sex = '1'
55         	then Limit = 0.03;
56         	if Sex = '2'
57         	then Limit = 0.02;
2                                                          The SAS System                           20:59 Thursday, October 19, 2017

58         	prot_amend = 'B';
59             end;
60         	
61         	if Doselot = 'S0576' or Doselot = 'P1122' then do;
62         	prot_amend = 'A';
63         	Limit = 0.02;
64         	end;
65         	
66         
67         /* Item#4 Creating a new variable called site_name (Site Name).*/
68             length site_name $30.;
69         	select (Site);
70         	when ('J') site_name = 'Aurora Health Associates';
71         	when ('R') site_name = 'Sherwin Heights Healthcare';
72         	end;
73         
74         
75         /* Item#5 Creating and applying formats to the Sex and Race variables.*/

NOTE: Numeric values have been converted to character values at the places given by: (Line):(Column).
      50:33   
NOTE: Character values have been converted to numeric values at the places given by: (Line):(Column).
      54:11   56:11   
NOTE: The infile "/courses/dc4508e5ba27fe300/c_629/suppTRP-1062.txt" is:
      Filename=/courses/dc4508e5ba27fe300/c_629/suppTRP-1062.txt,
      Owner Name=justina.flavin,Group Name=nobody,
      Access Permission=-rw-r--r--,
      Last Modified=19Mar2011:23:31:59,
      File Size (bytes)=537

NOTE: 15 records were read from the infile "/courses/dc4508e5ba27fe300/c_629/suppTRP-1062.txt".
      The minimum record length was 21.
      The maximum record length was 38.
NOTE: The data set WORK.STUDY has 15 observations and 14 variables.
NOTE: DATA statement used (Total process time):
      real time           0.00 seconds
      user cpu time       0.00 seconds
      system cpu time     0.00 seconds
      memory              666.34k
      OS Memory           18344.00k
      Timestamp           10/19/2017 09:00:14 PM
      Step Count                        2  Switch Count  1
      Page Faults                       0
      Page Reclaims                     188
      Page Swaps                        0
      Voluntary Context Switches        14
      Involuntary Context Switches      0
      Block Input Operations            0
      Block Output Operations           264
      
76         proc format;

77              value Sex 	2 = 'Male'
78         				1 = 'Female';
NOTE: Format SEX has been output.
79         
80              value Race 1 = 'Asian'
81         		        2 = 'Black'
3                                                          The SAS System                           20:59 Thursday, October 19, 2017

82         		        3 = 'Caucausian'
83         		        4 = 'Other';
NOTE: Format RACE has been output.
84         run;

NOTE: PROCEDURE FORMAT used (Total process time):
      real time           0.00 seconds
      user cpu time       0.00 seconds
      system cpu time     0.01 seconds
      memory              151.50k
      OS Memory           18084.00k
      Timestamp           10/19/2017 09:00:14 PM
      Step Count                        3  Switch Count  1
      Page Faults                       0
      Page Reclaims                     75
      Page Swaps                        0
      Voluntary Context Switches        7
      Involuntary Context Switches      0
      Block Input Operations            0
      Block Output Operations           56
      

85         
86         proc print data=Study;
87         	var Site Pt Sex Race site_name prot_amend Limit DoseDate DoseLot Height Weight Result1 Result2 Result3;
88         	
89         	/*var Study Site Pt DoseDate Sex Race Height Weight Result1 Result2 Result3 prot_amend Limit site_name;
90         	*/
91         	format Sex 			Sex.
92         		   Race 		Race.
93         		   DoseDate 	date9.;
94         run;

NOTE: There were 15 observations read from the data set WORK.STUDY.
NOTE: PROCEDURE PRINT used (Total process time):
      real time           0.02 seconds
      user cpu time       0.02 seconds
      system cpu time     0.00 seconds
      memory              1024.25k
      OS Memory           18600.00k
      Timestamp           10/19/2017 09:00:14 PM
      Step Count                        4  Switch Count  1
      Page Faults                       0
      Page Reclaims                     437
      Page Swaps                        0
      Voluntary Context Switches        5
      Involuntary Context Switches      0
      Block Input Operations            0
      Block Output Operations           16
      

95         
96         /*  Item#6 Creating labels for these variables.*/
97         proc format;
98         label Site = 'Study Site'
99         			Pt = 'Patient'
100        			DoseDate = 'Dose Date'
101        			DoseLot = 'Dose Lot'
4                                                          The SAS System                           20:59 Thursday, October 19, 2017

102        			prot_amend = 'Protocol Amendment'
103        			Limit = 'Lower Limit of Detection'
104        			site_name = 'Site Name'
105        			;
106        run;

NOTE: PROCEDURE FORMAT used (Total process time):
      real time           0.00 seconds
      user cpu time       0.00 seconds
      system cpu time     0.00 seconds
      memory              76.15k
      OS Memory           18340.00k
      Timestamp           10/19/2017 09:00:14 PM
      Step Count                        5  Switch Count  0
      Page Faults                       0
      Page Reclaims                     13
      Page Swaps                        0
      Voluntary Context Switches        0
      Involuntary Context Switches      0
      Block Input Operations            0
      Block Output Operations           0
      

107        
108        
109        
110        GOPTIONS NOACCESSIBLE;
111        %LET _CLIENTTASKLABEL=;
112        %LET _CLIENTPROCESSFLOWNAME=;
113        %LET _CLIENTPROJECTPATH=;
114        %LET _CLIENTPROJECTNAME=;
115        %LET _SASPROGRAMFILE=;
116        
117        ;*';*";*/;quit;run;
118        ODS _ALL_ CLOSE;
119        
120        
121        QUIT; RUN;
122        
